<?xml version="1.0" encoding="utf-8"?><TestRun id="941308df-89b4-405c-a564-cef9766a74cd" name="jiangtian.yan@CDC317037 2018-09-11 14:31:35" runUser="DIR\jiangtian.yan" xmlns="http://microsoft.com/schemas/VisualStudio/TeamTest/2010"><Times creation="2018-09-11T14:31:35.5879672+08:00" queuing="2018-09-11T14:31:35.5879672+08:00" start="2018-09-11T14:31:34.4339923+08:00" finish="2018-09-11T14:31:35.5987060+08:00" /><TestSettings name="default" id="8f2a53ba-538c-44ee-831b-ae2c2d602cf4"><Deployment runDeploymentRoot="jiangtian.yan_CDC317037_2018-09-11_14_31_35" /></TestSettings><Results><UnitTestResult executionId="51d8bfcf-e6ac-4c73-b5cc-b3984ed62e91" testId="889c9b9b-f1e9-62e3-7233-b91ed509b485" testName="ReturnIsEven" computerName="CDC317037" duration="00:00:00.0077638" startTime="2018-09-11T14:31:35.3398149+08:00" endTime="2018-09-11T14:31:35.3822480+08:00" testType="13cdc9d9-ddb5-4fa4-a97d-d965ccfc6d4b" outcome="Passed" testListId="8c84fa94-04c1-424b-9868-57a2d4851a1d" relativeResultsDirectory="51d8bfcf-e6ac-4c73-b5cc-b3984ed62e91" /></Results><TestDefinitions><UnitTest name="ReturnIsEven" storage="c:\users\jiangtian.yan\desktop\win-unit-test\testservice.tests\bin\debug\netcoreapp2.1\testservice.tests.dll" id="889c9b9b-f1e9-62e3-7233-b91ed509b485"><Execution id="51d8bfcf-e6ac-4c73-b5cc-b3984ed62e91" /><TestMethod codeBase="C:\Users\jiangtian.yan\Desktop\win-unit-test\TestService.Tests\bin\Debug\netcoreapp2.1\TestService.Tests.dll" adapterTypeName="executor://mstestadapter/v2" className="Test.UnitTests.Services.TestService_IsEven" name="ReturnIsEven" /></UnitTest></TestDefinitions><TestEntries><TestEntry testId="889c9b9b-f1e9-62e3-7233-b91ed509b485" executionId="51d8bfcf-e6ac-4c73-b5cc-b3984ed62e91" testListId="8c84fa94-04c1-424b-9868-57a2d4851a1d" /></TestEntries><TestLists><TestList name="Results Not in a List" id="8c84fa94-04c1-424b-9868-57a2d4851a1d" /><TestList name="All Loaded Results" id="19431567-8539-422a-85d7-44ee4e166bda" /></TestLists><ResultSummary outcome="Completed"><Counters total="1" executed="1" passed="1" failed="0" error="0" timeout="0" aborted="0" inconclusive="0" passedButRunAborted="0" notRunnable="0" notExecuted="0" disconnected="0" warning="0" completed="0" inProgress="0" pending="0" /></ResultSummary></TestRun>